{"content": {"suites": {"0": {"status": {"total_pass": 4, "total_skip": 0, "total_xpass": 0, "total_xfail": 0, "total_rerun": 0, "total_fail": 1, "total_error": 0}, "tests": {"0": {"status": "PASS", "message": "", "test_name": "test_clickOnSkip", "rerun": "0"}, "1": {"status": "PASS", "message": "", "test_name": "test_clickOnDone", "rerun": "0"}, "2": {"status": "PASS", "message": "", "test_name": "test_getActiveStores", "rerun": "0"}, "3": {"status": "PASS", "message": "", "test_name": "test_changeStore", "rerun": "0"}, "4": {"status": "FAIL", "message": "   selenium.common.exceptions.TimeoutException: Message:\n       AssertionError\n       AssertionError\n", "test_name": "test_UserLogin", "rerun": "0"}}, "suite_name": "SBCustTest.py"}}}, "date": "June 16, 2021", "start_time": 1623829241.64843, "total_suite": 1, "status": "FAIL", "status_list": {"pass": "4", "fail": "1", "skip": "0", "error": "0", "xpass": "0", "xfail": "0", "rerun": "0"}, "total_tests": "5"}