{"content": {"suites": {"0": {"status": {"total_pass": 3, "total_skip": 0, "total_xpass": 0, "total_xfail": 0, "total_rerun": 0, "total_fail": 2, "total_error": 0}, "tests": {"0": {"status": "PASS", "message": "", "test_name": "test_opencontactForm", "rerun": "0"}, "1": {"status": "PASS", "message": "", "test_name": "test_enterDataInForm", "rerun": "0"}, "2": {"status": "FAIL", "message": "   AssertionError\n", "test_name": "test_loginFailMethod", "rerun": "0"}, "3": {"status": "PASS", "message": "", "test_name": "test_openLoginScreen", "rerun": "0"}, "4": {"status": "FAIL", "message": "   selenium.common.exceptions.TimeoutException: Message:\n       AssertionError\n       AssertionError\n", "test_name": "test_enterDataInEditBox", "rerun": "0"}}, "suite_name": "TestSuite.py"}}}, "date": "June 10, 2021", "start_time": 1623346197.3963168, "total_suite": 1, "status": "FAIL", "status_list": {"pass": "3", "fail": "2", "skip": "0", "error": "0", "xpass": "0", "xfail": "0", "rerun": "0"}, "total_tests": "5"}